TN:
SF:D:\Git\Angular2\src\polyfills.ts
FNF:0
FNH:0
LF:0
LH:0
BRF:0
BRH:0
end_of_record
TN:
SF:D:\Git\Angular2\src\test.ts
FNF:0
FNH:0
DA:13,1
DA:18,1
DA:20,1
LF:3
LH:3
BRF:0
BRH:0
end_of_record
TN:
SF:D:\Git\Angular2\src\app\app.component.ts
FN:10,(anonymous_0)
FN:14,AppComponent
FN:18,(anonymous_2)
FN:20,(anonymous_3)
FNF:4
FNH:3
FNDA:1,(anonymous_0)
FNDA:2,AppComponent
FNDA:1,(anonymous_2)
FNDA:0,(anonymous_3)
DA:10,1
DA:15,2
DA:18,1
DA:19,1
DA:21,0
DA:22,0
DA:25,1
LF:7
LH:5
BRF:0
BRH:0
end_of_record
TN:
SF:D:\Git\Angular2\src\app\cart\cart.services.ts
FN:6,(anonymous_0)
FN:11,CartService
FN:9,(anonymous_2)
FN:14,(anonymous_3)
FN:18,(anonymous_4)
FN:22,(anonymous_5)
FN:26,(anonymous_6)
FN:35,(anonymous_7)
FN:36,(anonymous_8)
FN:39,(anonymous_9)
FN:40,(anonymous_10)
FN:49,(anonymous_11)
FN:53,(anonymous_12)
FN:54,(anonymous_13)
FNF:14
FNH:14
FNDA:1,(anonymous_0)
FNDA:7,CartService
FNDA:4,(anonymous_2)
FNDA:5,(anonymous_3)
FNDA:5,(anonymous_4)
FNDA:5,(anonymous_5)
FNDA:11,(anonymous_6)
FNDA:14,(anonymous_7)
FNDA:10,(anonymous_8)
FNDA:1,(anonymous_9)
FNDA:2,(anonymous_10)
FNDA:1,(anonymous_11)
FNDA:5,(anonymous_12)
FNDA:4,(anonymous_13)
DA:6,1
DA:8,7
DA:9,7
DA:14,1
DA:15,5
DA:18,1
DA:19,5
DA:22,1
DA:23,5
DA:26,22
DA:27,11
DA:28,11
DA:29,1
DA:31,10
DA:35,1
DA:36,14
DA:39,1
DA:40,2
DA:41,1
DA:42,1
DA:43,1
DA:45,0
DA:49,1
DA:50,1
DA:53,1
DA:54,5
DA:56,1
LF:27
LH:26
BRDA:26,0,0,11
BRDA:26,0,1,0
BRDA:28,1,0,1
BRDA:28,1,1,10
BRDA:41,2,0,1
BRDA:41,2,1,0
BRF:6
BRH:4
end_of_record
TN:
SF:D:\Git\Angular2\src\app\cart\cart-item\cart-item.component.ts
FN:11,(anonymous_0)
FN:15,CartItemComponent
FN:21,(anonymous_2)
FN:26,(anonymous_3)
FNF:4
FNH:3
FNDA:1,(anonymous_0)
FNDA:2,CartItemComponent
FNDA:0,(anonymous_2)
FNDA:1,(anonymous_3)
DA:11,1
DA:12,1
DA:16,2
DA:17,2
DA:21,1
DA:22,0
DA:23,0
DA:26,1
DA:27,1
DA:29,1
LF:10
LH:8
BRF:0
BRH:0
end_of_record
TN:
SF:D:\Git\Angular2\src\app\cart\cart-list\cart-list.component.ts
FN:17,(anonymous_0)
FN:25,CartListComponent
FN:30,(anonymous_2)
FN:34,(anonymous_3)
FN:36,(anonymous_4)
FN:41,(anonymous_5)
FN:42,(anonymous_6)
FN:47,(anonymous_7)
FN:51,(anonymous_8)
FN:55,(anonymous_9)
FN:59,(anonymous_10)
FN:63,(anonymous_11)
FN:66,(anonymous_12)
FNF:13
FNH:8
FNDA:1,(anonymous_0)
FNDA:7,CartListComponent
FNDA:1,(anonymous_2)
FNDA:0,(anonymous_3)
FNDA:0,(anonymous_4)
FNDA:0,(anonymous_5)
FNDA:0,(anonymous_6)
FNDA:1,(anonymous_7)
FNDA:1,(anonymous_8)
FNDA:1,(anonymous_9)
FNDA:0,(anonymous_10)
FNDA:1,(anonymous_11)
FNDA:1,(anonymous_12)
DA:17,1
DA:19,1
DA:26,7
DA:27,7
DA:30,1
DA:31,1
DA:34,1
DA:35,0
DA:36,0
DA:37,0
DA:41,1
DA:42,0
DA:43,0
DA:47,1
DA:48,1
DA:51,1
DA:52,1
DA:55,1
DA:56,1
DA:59,1
DA:60,0
DA:63,1
DA:64,1
DA:66,1
DA:67,1
DA:69,1
LF:26
LH:20
BRF:0
BRH:0
end_of_record
TN:
SF:D:\Git\Angular2\src\app\cart\models\cart.model.ts
FN:8,(anonymous_0)
FN:9,Cart
FNF:2
FNH:2
FNDA:1,(anonymous_0)
FNDA:16,Cart
DA:8,1
DA:10,16
DA:11,16
DA:12,16
DA:13,16
DA:15,1
LF:6
LH:6
BRF:0
BRH:0
end_of_record
TN:
SF:D:\Git\Angular2\src\app\core\+store\product\index.ts
FNF:0
FNH:0
LF:0
LH:0
BRF:0
BRH:0
end_of_record
TN:
SF:D:\Git\Angular2\src\app\core\+store\product\products.actions.ts
FN:6,(anonymous_0)
FN:29,(anonymous_1)
FN:33,(anonymous_3)
FN:36,GetProduct
FN:40,(anonymous_5)
FN:43,CreateProduct
FN:47,(anonymous_7)
FN:50,UpdateProduct
FN:54,(anonymous_9)
FN:57,DeleteProduct
FN:61,(anonymous_11)
FN:63,GetProductsSuccess
FN:66,(anonymous_13)
FN:68,GetProductsError
FN:70,(anonymous_15)
FN:72,GetProductSuccess
FN:75,(anonymous_17)
FN:77,GetProductError
FN:79,(anonymous_19)
FN:81,UpdateProductSuccess
FN:84,(anonymous_21)
FN:86,UpdateProductError
FN:89,(anonymous_23)
FN:91,CreateProductSuccess
FN:94,(anonymous_25)
FN:96,CreateProductError
FN:98,(anonymous_27)
FN:100,DeleteProductSuccess
FN:103,(anonymous_29)
FN:105,DeleteProductError
FNF:30
FNH:16
FNDA:1,(anonymous_0)
FNDA:2,(anonymous_1)
FNDA:1,(anonymous_3)
FNDA:0,GetProduct
FNDA:1,(anonymous_5)
FNDA:0,CreateProduct
FNDA:1,(anonymous_7)
FNDA:0,UpdateProduct
FNDA:1,(anonymous_9)
FNDA:0,DeleteProduct
FNDA:1,(anonymous_11)
FNDA:0,GetProductsSuccess
FNDA:1,(anonymous_13)
FNDA:0,GetProductsError
FNDA:1,(anonymous_15)
FNDA:0,GetProductSuccess
FNDA:1,(anonymous_17)
FNDA:0,GetProductError
FNDA:1,(anonymous_19)
FNDA:0,UpdateProductSuccess
FNDA:1,(anonymous_21)
FNDA:0,UpdateProductError
FNDA:1,(anonymous_23)
FNDA:0,CreateProductSuccess
FNDA:1,(anonymous_25)
FNDA:0,CreateProductError
FNDA:1,(anonymous_27)
FNDA:0,DeleteProductSuccess
FNDA:1,(anonymous_29)
FNDA:0,DeleteProductError
DA:6,1
DA:7,1
DA:8,1
DA:9,1
DA:11,1
DA:12,1
DA:13,1
DA:15,1
DA:16,1
DA:17,1
DA:19,1
DA:20,1
DA:21,1
DA:23,1
DA:24,1
DA:25,1
DA:29,1
DA:30,1
DA:31,1
DA:33,1
DA:34,0
DA:36,0
DA:38,1
DA:40,1
DA:41,0
DA:43,0
DA:45,1
DA:47,1
DA:48,0
DA:50,0
DA:52,1
DA:54,1
DA:55,0
DA:57,0
DA:59,1
DA:61,1
DA:62,0
DA:63,0
DA:64,1
DA:66,1
DA:67,0
DA:68,0
DA:69,1
DA:70,1
DA:71,0
DA:72,0
DA:73,1
DA:75,1
DA:76,0
DA:77,0
DA:78,1
DA:79,1
DA:80,0
DA:81,0
DA:82,1
DA:84,1
DA:85,0
DA:86,0
DA:87,1
DA:89,1
DA:90,0
DA:91,0
DA:92,1
DA:94,1
DA:95,0
DA:96,0
DA:97,1
DA:98,1
DA:99,0
DA:100,0
DA:101,1
DA:103,1
DA:104,0
DA:105,0
DA:106,1
LF:75
LH:47
BRDA:6,0,0,1
BRDA:6,0,1,1
BRF:2
BRH:2
end_of_record
TN:
SF:D:\Git\Angular2\src\app\core\+store\product\products.effects.ts
FN:15,(anonymous_0)
FN:17,ProductsEffects
FN:26,(anonymous_2)
FN:28,(anonymous_3)
FN:29,(anonymous_4)
FN:37,(anonymous_5)
FN:39,(anonymous_6)
FN:40,(anonymous_7)
FN:48,(anonymous_8)
FN:50,(anonymous_9)
FN:51,(anonymous_10)
FN:59,(anonymous_11)
FN:61,(anonymous_12)
FN:62,(anonymous_13)
FN:71,(anonymous_14)
FN:73,(anonymous_15)
FN:74,(anonymous_16)
FN:84,(anonymous_17)
FNF:18
FNH:1
FNDA:1,(anonymous_0)
FNDA:0,ProductsEffects
FNDA:0,(anonymous_2)
FNDA:0,(anonymous_3)
FNDA:0,(anonymous_4)
FNDA:0,(anonymous_5)
FNDA:0,(anonymous_6)
FNDA:0,(anonymous_7)
FNDA:0,(anonymous_8)
FNDA:0,(anonymous_9)
FNDA:0,(anonymous_10)
FNDA:0,(anonymous_11)
FNDA:0,(anonymous_12)
FNDA:0,(anonymous_13)
FNDA:0,(anonymous_14)
FNDA:0,(anonymous_15)
FNDA:0,(anonymous_16)
FNDA:0,(anonymous_17)
DA:15,1
DA:17,0
DA:18,0
DA:19,0
DA:20,0
DA:24,1
DA:27,0
DA:28,0
DA:29,0
DA:34,1
DA:38,0
DA:39,0
DA:40,0
DA:45,1
DA:49,0
DA:50,0
DA:51,0
DA:56,1
DA:60,0
DA:61,0
DA:62,0
DA:68,1
DA:72,0
DA:73,0
DA:74,0
DA:79,1
DA:84,0
DA:88,1
LF:28
LH:8
BRF:0
BRH:0
end_of_record
TN:
SF:D:\Git\Angular2\src\app\core\+store\product\products.reducer.ts
FN:6,productsReducer
FNF:1
FNH:0
FNDA:0,productsReducer
DA:7,0
DA:10,0
DA:12,0
DA:15,0
DA:19,0
DA:20,0
DA:25,0
DA:26,0
DA:30,0
DA:31,0
DA:35,0
DA:36,0
DA:40,0
DA:41,0
DA:47,0
DA:48,0
DA:52,0
LF:17
LH:0
BRDA:7,0,0,0
BRDA:7,0,1,0
BRDA:14,1,0,0
BRDA:14,1,1,0
BRDA:14,1,2,0
BRDA:14,1,3,0
BRDA:14,1,4,0
BRDA:14,1,5,0
BRDA:14,1,6,0
BRDA:14,1,7,0
BRDA:14,1,8,0
BRDA:14,1,9,0
BRF:12
BRH:0
end_of_record
TN:
SF:D:\Git\Angular2\src\app\core\+store\product\products.selectors.ts
FN:14,(anonymous_0)
FN:18,(anonymous_1)
FN:29,(anonymous_2)
FN:40,findOutlet
FNF:4
FNH:0
FNDA:0,(anonymous_0)
FNDA:0,(anonymous_1)
FNDA:0,(anonymous_2)
FNDA:0,findOutlet
DA:9,1
DA:12,1
DA:14,0
DA:16,1
DA:18,0
DA:22,1
DA:23,1
DA:26,1
DA:30,0
DA:31,0
DA:32,0
DA:33,0
DA:35,0
DA:44,0
DA:45,0
DA:46,0
DA:47,0
DA:49,0
DA:50,0
DA:51,0
DA:54,0
LF:21
LH:6
BRDA:31,0,0,0
BRDA:31,0,1,0
BRDA:32,1,0,0
BRDA:32,1,1,0
BRDA:46,2,0,0
BRDA:46,2,1,0
BRDA:50,3,0,0
BRDA:50,3,1,0
BRF:8
BRH:0
end_of_record
TN:
SF:D:\Git\Angular2\src\app\core\+store\product\products.state.ts
FNF:0
FNH:0
DA:11,1
DA:13,1
LF:2
LH:2
BRF:0
BRH:0
end_of_record
TN:
SF:D:\Git\Angular2\src\app\core\+store\router\index.ts
FNF:0
FNH:0
LF:0
LH:0
BRF:0
BRH:0
end_of_record
TN:
SF:D:\Git\Angular2\src\app\core\+store\router\router.actions.ts
FN:5,(anonymous_0)
FN:11,(anonymous_2)
FN:13,Go
FN:21,(anonymous_4)
FN:25,(anonymous_6)
FNF:5
FNH:5
FNDA:1,(anonymous_0)
FNDA:1,(anonymous_2)
FNDA:3,Go
FNDA:1,(anonymous_4)
FNDA:1,(anonymous_6)
DA:5,1
DA:6,1
DA:7,1
DA:8,1
DA:9,1
DA:11,1
DA:12,3
DA:14,3
DA:19,1
DA:21,1
DA:22,0
DA:23,1
DA:25,1
DA:26,0
DA:27,1
LF:15
LH:13
BRF:0
BRH:0
end_of_record
TN:
SF:D:\Git\Angular2\src\app\core\+store\router\router.effects.ts
FN:11,(anonymous_0)
FN:12,RouterEffects
FN:22,(anonymous_2)
FN:30,(anonymous_3)
FN:36,(anonymous_4)
FNF:5
FNH:1
FNDA:1,(anonymous_0)
FNDA:0,RouterEffects
FNDA:0,(anonymous_2)
FNDA:0,(anonymous_3)
FNDA:0,(anonymous_4)
DA:11,1
DA:12,0
DA:13,0
DA:14,0
DA:15,0
DA:19,1
DA:22,0
DA:23,0
DA:28,1
DA:30,0
DA:34,1
DA:36,0
DA:38,1
LF:13
LH:5
BRF:0
BRH:0
end_of_record
TN:
SF:D:\Git\Angular2\src\app\core\+store\router\router.selectors.ts
FNF:0
FNH:0
DA:5,1
LF:1
LH:1
BRF:0
BRH:0
end_of_record
TN:
SF:D:\Git\Angular2\src\app\core\+store\router\router.state.ts
FNF:0
FNH:0
DA:20,1
LF:1
LH:1
BRF:0
BRH:0
end_of_record
TN:
SF:D:\Git\Angular2\src\app\core\model\role.ts
FN:2,(anonymous_0)
FNF:1
FNH:1
FNDA:1,(anonymous_0)
DA:2,1
DA:3,1
DA:4,1
LF:3
LH:3
BRDA:2,0,0,1
BRDA:2,0,1,1
BRF:2
BRH:2
end_of_record
TN:
SF:D:\Git\Angular2\src\app\core\model\user.ts
FN:3,(anonymous_0)
FN:5,User
FN:10,(anonymous_2)
FN:14,(anonymous_3)
FNF:4
FNH:2
FNDA:1,(anonymous_0)
FNDA:2,User
FNDA:0,(anonymous_2)
FNDA:0,(anonymous_3)
DA:3,1
DA:5,2
DA:6,2
DA:7,2
DA:10,1
DA:11,0
DA:14,1
DA:15,0
DA:18,1
LF:9
LH:7
BRDA:11,0,0,0
BRDA:11,0,1,0
BRDA:15,1,0,0
BRDA:15,1,1,0
BRF:4
BRH:0
end_of_record
TN:
SF:D:\Git\Angular2\src\app\core\services\app-settings.service.ts
FN:11,(anonymous_0)
FN:13,AppSettingsService
FN:17,(anonymous_2)
FN:24,(anonymous_3)
FN:32,(anonymous_4)
FN:37,(anonymous_5)
FNF:6
FNH:1
FNDA:1,(anonymous_0)
FNDA:0,AppSettingsService
FNDA:0,(anonymous_2)
FNDA:0,(anonymous_3)
FNDA:0,(anonymous_4)
FNDA:0,(anonymous_5)
DA:8,1
DA:11,1
DA:13,0
DA:14,0
DA:17,1
DA:18,0
DA:24,1
DA:26,0
DA:28,0
DA:30,0
DA:33,0
DA:34,0
DA:35,0
DA:38,0
DA:39,0
DA:40,0
DA:41,0
DA:45,0
DA:49,1
LF:19
LH:5
BRDA:28,0,0,0
BRDA:28,0,1,0
BRDA:28,1,0,0
BRDA:28,1,1,0
BRDA:33,2,0,0
BRDA:33,2,1,0
BRF:6
BRH:0
end_of_record
TN:
SF:D:\Git\Angular2\src\app\core\services\config-options.service.ts
FN:6,(anonymous_0)
FN:8,ConfigOptionsService
FN:12,(anonymous_2)
FN:20,(anonymous_3)
FNF:4
FNH:1
FNDA:1,(anonymous_0)
FNDA:0,ConfigOptionsService
FNDA:0,(anonymous_2)
FNDA:0,(anonymous_3)
DA:6,1
DA:9,0
DA:12,1
DA:13,0
DA:14,0
DA:15,0
DA:17,0
DA:20,1
DA:21,0
DA:22,0
DA:23,0
DA:25,0
DA:29,1
LF:13
LH:4
BRF:0
BRH:0
end_of_record
TN:
SF:D:\Git\Angular2\src\app\core\services\constants.service.ts
FNF:0
FNH:0
DA:3,1
LF:1
LH:1
BRF:0
BRH:0
end_of_record
TN:
SF:D:\Git\Angular2\src\app\core\services\generator.service.ts
FN:11,(anonymous_0)
FN:14,GeneratorService
FN:19,(anonymous_2)
FN:30,GeneratorServiceFactory
FN:31,(anonymous_4)
FNF:5
FNH:4
FNDA:1,(anonymous_0)
FNDA:2,GeneratorService
FNDA:0,(anonymous_2)
FNDA:1,GeneratorServiceFactory
FNDA:2,(anonymous_4)
DA:4,1
DA:6,1
DA:7,1
DA:9,1
DA:11,1
DA:14,2
DA:15,4
DA:16,2
DA:19,1
DA:20,0
DA:22,0
DA:23,0
DA:26,0
DA:28,1
DA:31,1
DA:32,2
LF:16
LH:12
BRDA:15,0,0,0
BRDA:15,0,1,2
BRF:2
BRH:1
end_of_record
TN:
SF:D:\Git\Angular2\src\app\core\services\index.ts
FNF:0
FNH:0
LF:0
LH:0
BRF:0
BRH:0
end_of_record
TN:
SF:D:\Git\Angular2\src\app\core\services\local-storage.service.ts
FN:4,(anonymous_0)
FN:5,LocalStorageService
FN:7,(anonymous_2)
FN:14,(anonymous_3)
FN:21,(anonymous_4)
FNF:5
FNH:1
FNDA:1,(anonymous_0)
FNDA:0,LocalStorageService
FNDA:0,(anonymous_2)
FNDA:0,(anonymous_3)
FNDA:0,(anonymous_4)
DA:4,1
DA:7,1
DA:8,0
DA:9,0
DA:11,0
DA:14,1
DA:15,0
DA:16,0
DA:18,0
DA:21,1
DA:22,0
DA:23,0
DA:25,0
DA:28,1
LF:14
LH:5
BRF:0
BRH:0
end_of_record
TN:
SF:D:\Git\Angular2\src\app\core\services\user.service.ts
FN:11,(anonymous_0)
FN:15,UserService
FN:18,(anonymous_2)
FN:22,(anonymous_3)
FN:26,(anonymous_4)
FN:27,(anonymous_5)
FN:28,(anonymous_6)
FN:38,(anonymous_7)
FN:43,(anonymous_8)
FNF:9
FNH:1
FNDA:1,(anonymous_0)
FNDA:0,UserService
FNDA:0,(anonymous_2)
FNDA:0,(anonymous_3)
FNDA:0,(anonymous_4)
FNDA:0,(anonymous_5)
FNDA:0,(anonymous_6)
FNDA:0,(anonymous_7)
FNDA:0,(anonymous_8)
DA:5,1
DA:11,1
DA:18,1
DA:19,0
DA:22,1
DA:23,0
DA:26,1
DA:27,0
DA:28,0
DA:29,0
DA:30,0
DA:31,0
DA:33,0
DA:38,1
DA:39,0
DA:40,0
DA:43,1
DA:44,0
DA:46,1
LF:19
LH:8
BRDA:19,0,0,0
BRDA:19,0,1,0
BRDA:23,1,0,0
BRDA:23,1,1,0
BRDA:28,2,0,0
BRDA:28,2,1,0
BRDA:29,3,0,0
BRDA:29,3,1,0
BRDA:44,4,0,0
BRDA:44,4,1,0
BRF:10
BRH:0
end_of_record
TN:
SF:D:\Git\Angular2\src\app\core\validator\custom.validators.ts
FN:3,(anonymous_0)
FN:4,(anonymous_2)
FN:8,(anonymous_3)
FN:9,(anonymous_4)
FN:15,checkPhone
FNF:5
FNH:1
FNDA:1,(anonymous_0)
FNDA:0,(anonymous_2)
FNDA:0,(anonymous_3)
FNDA:0,(anonymous_4)
FNDA:0,checkPhone
DA:3,1
DA:4,1
DA:5,0
DA:8,1
DA:9,0
DA:10,0
DA:13,1
DA:17,0
DA:19,0
DA:23,0
DA:25,0
LF:11
LH:4
BRDA:17,0,0,0
BRDA:17,0,1,0
BRDA:19,1,0,0
BRDA:19,1,1,0
BRDA:20,2,0,0
BRDA:20,2,1,0
BRDA:20,2,2,0
BRF:7
BRH:0
end_of_record
TN:
SF:D:\Git\Angular2\src\app\order\order-form\order-form.component.ts
FN:11,(anonymous_0)
FN:22,OrderFormComponent
FN:26,(anonymous_2)
FN:31,(anonymous_3)
FN:35,(anonymous_4)
FN:39,(anonymous_5)
FN:44,(anonymous_6)
FN:49,(anonymous_7)
FN:52,(anonymous_8)
FN:55,(anonymous_9)
FN:59,(anonymous_10)
FN:68,(anonymous_11)
FN:69,(anonymous_12)
FN:72,(anonymous_13)
FN:76,(anonymous_14)
FN:81,(anonymous_15)
FN:86,(anonymous_16)
FN:91,(anonymous_17)
FN:94,(anonymous_18)
FN:97,(anonymous_19)
FN:101,(anonymous_20)
FNF:21
FNH:3
FNDA:1,(anonymous_0)
FNDA:1,OrderFormComponent
FNDA:0,(anonymous_2)
FNDA:1,(anonymous_3)
FNDA:0,(anonymous_4)
FNDA:0,(anonymous_5)
FNDA:0,(anonymous_6)
FNDA:0,(anonymous_7)
FNDA:0,(anonymous_8)
FNDA:0,(anonymous_9)
FNDA:0,(anonymous_10)
FNDA:0,(anonymous_11)
FNDA:0,(anonymous_12)
FNDA:0,(anonymous_13)
FNDA:0,(anonymous_14)
FNDA:0,(anonymous_15)
FNDA:0,(anonymous_16)
FNDA:0,(anonymous_17)
FNDA:0,(anonymous_18)
FNDA:0,(anonymous_19)
FNDA:0,(anonymous_20)
DA:11,1
DA:18,1
DA:23,1
DA:26,1
DA:27,0
DA:28,0
DA:31,1
DA:32,1
DA:35,1
DA:39,1
DA:40,0
DA:41,0
DA:44,1
DA:45,0
DA:46,0
DA:49,1
DA:50,0
DA:52,1
DA:53,0
DA:55,1
DA:56,0
DA:59,1
DA:60,0
DA:68,1
DA:69,0
DA:70,0
DA:71,0
DA:72,0
DA:73,0
DA:76,1
DA:77,0
DA:78,0
DA:79,0
DA:81,0
DA:86,1
DA:87,0
DA:88,0
DA:90,0
DA:91,0
DA:92,0
DA:94,0
DA:95,0
DA:97,0
DA:98,0
DA:101,1
DA:102,0
DA:105,1
LF:47
LH:18
BRDA:40,0,0,0
BRDA:40,0,1,0
BRDA:41,1,0,0
BRDA:41,1,1,0
BRDA:41,1,2,0
BRDA:46,2,0,0
BRDA:46,2,1,0
BRDA:46,2,2,0
BRDA:78,3,0,0
BRDA:78,3,1,0
BRDA:78,4,0,0
BRDA:78,4,1,0
BRDA:78,4,2,0
BRDA:90,5,0,0
BRDA:90,5,1,0
BRF:15
BRH:0
end_of_record
TN:
SF:D:\Git\Angular2\src\app\order\process-order\process-order.component.ts
FN:12,(anonymous_0)
FN:35,ProcessOrderComponent
FN:37,(anonymous_2)
FN:42,(anonymous_3)
FN:46,(anonymous_4)
FN:62,(anonymous_5)
FN:67,(anonymous_6)
FN:76,(anonymous_7)
FN:82,(anonymous_8)
FN:85,(anonymous_9)
FN:89,(anonymous_10)
FN:96,(anonymous_11)
FN:102,(anonymous_12)
FN:107,(anonymous_13)
FN:111,(anonymous_14)
FN:115,(anonymous_15)
FN:119,(anonymous_16)
FNF:17
FNH:3
FNDA:1,(anonymous_0)
FNDA:1,ProcessOrderComponent
FNDA:0,(anonymous_2)
FNDA:1,(anonymous_3)
FNDA:0,(anonymous_4)
FNDA:0,(anonymous_5)
FNDA:0,(anonymous_6)
FNDA:0,(anonymous_7)
FNDA:0,(anonymous_8)
FNDA:0,(anonymous_9)
FNDA:0,(anonymous_10)
FNDA:0,(anonymous_11)
FNDA:0,(anonymous_12)
FNDA:0,(anonymous_13)
FNDA:0,(anonymous_14)
FNDA:0,(anonymous_15)
FNDA:0,(anonymous_16)
DA:12,1
DA:20,1
DA:35,1
DA:37,1
DA:38,0
DA:39,0
DA:42,1
DA:43,1
DA:46,1
DA:47,0
DA:62,1
DA:63,0
DA:67,1
DA:68,0
DA:69,0
DA:70,0
DA:72,0
DA:76,0
DA:78,0
DA:82,0
DA:85,0
DA:89,0
DA:91,0
DA:92,0
DA:96,1
DA:97,0
DA:98,0
DA:99,0
DA:100,0
DA:102,0
DA:107,1
DA:108,0
DA:111,1
DA:112,0
DA:115,1
DA:116,0
DA:119,1
DA:120,0
DA:121,0
DA:125,1
LF:40
LH:15
BRDA:98,0,0,0
BRDA:98,0,1,0
BRDA:98,1,0,0
BRDA:98,1,1,0
BRDA:98,1,2,0
BRDA:98,1,3,0
BRDA:98,1,4,0
BRDA:99,2,0,0
BRDA:99,2,1,0
BRDA:120,3,0,0
BRDA:120,3,1,0
BRF:11
BRH:0
end_of_record
TN:
SF:D:\Git\Angular2\src\app\product\product.component.ts
FN:9,(anonymous_0)
FN:11,ProductComponent
FN:13,(anonymous_2)
FNF:3
FNH:2
FNDA:1,(anonymous_0)
FNDA:1,ProductComponent
FNDA:0,(anonymous_2)
DA:9,1
DA:11,1
DA:13,1
DA:16,1
LF:4
LH:4
BRF:0
BRH:0
end_of_record
TN:
SF:D:\Git\Angular2\src\app\product\models\product.model.ts
FN:10,(anonymous_0)
FN:12,Product
FNF:2
FNH:1
FNDA:1,(anonymous_0)
FNDA:0,Product
DA:10,1
DA:13,0
DA:14,0
DA:15,0
DA:16,0
DA:17,0
DA:18,0
DA:20,1
LF:8
LH:2
BRF:0
BRH:0
end_of_record
TN:
SF:D:\Git\Angular2\src\app\product\models\store.product.ts
FN:3,(anonymous_0)
FN:5,StoreProduct
FNF:2
FNH:2
FNDA:1,(anonymous_0)
FNDA:10,StoreProduct
DA:3,1
DA:5,10
DA:6,10
DA:7,10
DA:8,10
DA:9,10
DA:10,10
DA:11,10
DA:13,1
LF:9
LH:9
BRF:0
BRH:0
end_of_record
TN:
SF:D:\Git\Angular2\src\app\product\product-item\product-item.component.ts
FN:16,(anonymous_0)
FN:22,ProductItemComponent
FN:27,(anonymous_2)
FN:31,(anonymous_3)
FNF:4
FNH:3
FNDA:1,(anonymous_0)
FNDA:2,ProductItemComponent
FNDA:1,(anonymous_2)
FNDA:0,(anonymous_3)
DA:16,1
DA:18,1
DA:19,3
DA:23,2
DA:27,1
DA:28,1
DA:31,1
DA:32,0
DA:35,1
LF:9
LH:8
BRF:0
BRH:0
end_of_record
TN:
SF:D:\Git\Angular2\src\app\product\product-list\product-list.component.ts
FN:18,(anonymous_0)
FN:25,ProductListComponent
FN:31,(anonymous_2)
FN:38,(anonymous_3)
FN:44,(anonymous_4)
FN:48,(anonymous_5)
FNF:6
FNH:4
FNDA:1,(anonymous_0)
FNDA:3,ProductListComponent
FNDA:1,(anonymous_2)
FNDA:1,(anonymous_3)
FNDA:0,(anonymous_4)
FNDA:0,(anonymous_5)
DA:18,1
DA:26,3
DA:27,3
DA:28,3
DA:31,1
DA:32,1
DA:33,1
DA:34,1
DA:35,1
DA:38,1
DA:39,1
DA:40,1
DA:44,1
DA:45,0
DA:48,1
DA:49,0
DA:51,1
LF:17
LH:15
BRDA:39,0,0,1
BRDA:39,0,1,0
BRF:2
BRH:1
end_of_record
TN:
SF:D:\Git\Angular2\src\app\product\product-view\product-view.component.ts
FN:18,(anonymous_0)
FN:22,ProductViewComponent
FN:27,(anonymous_2)
FN:31,(anonymous_3)
FNF:4
FNH:4
FNDA:1,(anonymous_0)
FNDA:3,ProductViewComponent
FNDA:1,(anonymous_2)
FNDA:1,(anonymous_3)
DA:18,1
DA:23,3
DA:24,3
DA:27,1
DA:28,1
DA:31,1
DA:32,1
DA:35,1
LF:8
LH:8
BRF:0
BRH:0
end_of_record
TN:
SF:D:\Git\Angular2\src\app\product\service\product.service.ts
FNF:0
FNH:0
DA:6,1
LF:1
LH:1
BRF:0
BRH:0
end_of_record
TN:
SF:D:\Git\Angular2\src\app\shared\pipes\sort-item.pipe.ts
FN:6,(anonymous_0)
FN:8,(anonymous_2)
FN:12,(anonymous_3)
FNF:3
FNH:3
FNDA:12,(anonymous_0)
FNDA:4,(anonymous_2)
FNDA:40,(anonymous_3)
DA:6,1
DA:8,1
DA:9,4
DA:10,4
DA:11,4
DA:12,4
DA:13,40
DA:14,40
DA:15,40
DA:16,37
DA:17,11
DA:18,0
DA:21,4
DA:24,1
LF:14
LH:13
BRDA:10,0,0,4
BRDA:10,0,1,0
BRDA:10,1,0,4
BRDA:10,1,1,4
BRDA:15,2,0,3
BRDA:15,2,1,37
BRDA:16,3,0,26
BRDA:16,3,1,11
BRDA:16,4,0,15
BRDA:16,4,1,11
BRDA:17,5,0,11
BRDA:17,5,1,0
BRDA:17,6,0,5
BRDA:17,6,1,6
BRF:14
BRH:12
end_of_record
TN:
SF:D:\Git\Angular2\src\app\ui\header\header.component.ts
FN:11,(anonymous_0)
FN:13,HeaderComponent
FN:19,(anonymous_2)
FN:22,(anonymous_3)
FN:26,(anonymous_4)
FN:30,(anonymous_5)
FN:34,(anonymous_6)
FN:38,(anonymous_7)
FN:40,(anonymous_8)
FN:41,(anonymous_9)
FNF:10
FNH:6
FNDA:1,(anonymous_0)
FNDA:5,HeaderComponent
FNDA:0,(anonymous_2)
FNDA:1,(anonymous_3)
FNDA:1,(anonymous_4)
FNDA:1,(anonymous_5)
FNDA:1,(anonymous_6)
FNDA:0,(anonymous_7)
FNDA:0,(anonymous_8)
FNDA:0,(anonymous_9)
DA:11,1
DA:14,5
DA:15,5
DA:16,5
DA:19,1
DA:22,1
DA:23,1
DA:26,1
DA:27,1
DA:30,1
DA:31,1
DA:34,1
DA:35,1
DA:38,1
DA:39,0
DA:40,0
DA:41,0
DA:44,1
LF:18
LH:15
BRF:0
BRH:0
end_of_record
